<?xml version="1.0" encoding="UTF-8"?>
<testsuite xmlns:xsi="http://www.w3.org/2001/XMLSchema-instance" xsi:noNamespaceSchemaLocation="https://maven.apache.org/surefire/maven-surefire-plugin/xsd/surefire-test-report-3.0.xsd" version="3.0" name="test.VehicleControllerIT" time="10.13" tests="1" errors="0" skipped="0" failures="0">
  <properties>
[...]
</properties>
  <testcase name="postThenGet_vehicleIsPersisted" classname="test.VehicleControllerIT" time="0.66">
    <system-out><![CDATA[10:55:57.494 [main] DEBUG org.springframework.test.context.BootstrapUtils - Instantiating CacheAwareContextLoaderDelegate from class [org.springframework.test.context.cache.DefaultCacheAwareContextLoaderDelegate]
10:55:57.515 [main] DEBUG org.springframework.test.context.BootstrapUtils - Instantiating BootstrapContext using constructor [public org.springframework.test.context.support.DefaultBootstrapContext(java.lang.Class,org.springframework.test.context.CacheAwareContextLoaderDelegate)]
10:55:57.576 [main] DEBUG org.springframework.test.context.BootstrapUtils - Instantiating TestContextBootstrapper for test class [test.VehicleControllerIT] from class [org.springframework.boot.test.context.SpringBootTestContextBootstrapper]
10:55:57.600 [main] INFO org.springframework.boot.test.context.SpringBootTestContextBootstrapper - Neither @ContextConfiguration nor @ContextHierarchy found for test class [test.VehicleControllerIT], using SpringBootContextLoader
10:55:57.607 [main] DEBUG org.springframework.test.context.support.AbstractContextLoader - Did not detect default resource location for test class [test.VehicleControllerIT]: class path resource [test/VehicleControllerIT-context.xml] does not exist
10:55:57.608 [main] DEBUG org.springframework.test.context.support.AbstractContextLoader - Did not detect default resource location for test class [test.VehicleControllerIT]: class path resource [test/VehicleControllerITContext.groovy] does not exist
10:55:57.608 [main] INFO org.springframework.test.context.support.AbstractContextLoader - Could not detect default resource locations for test class [test.VehicleControllerIT]: no resource found for suffixes {-context.xml, Context.groovy}.
10:55:57.699 [main] DEBUG org.springframework.test.context.support.ActiveProfilesUtils - Could not find an 'annotation declaring class' for annotation type [org.springframework.test.context.ActiveProfiles] and class [test.VehicleControllerIT]
10:55:57.985 [main] DEBUG org.springframework.boot.test.context.SpringBootTestContextBootstrapper - @TestExecutionListeners is not present for class [test.VehicleControllerIT]: using defaults.
10:55:57.986 [main] INFO org.springframework.boot.test.context.SpringBootTestContextBootstrapper - Loaded default TestExecutionListener class names from location [META-INF/spring.factories]: [org.springframework.boot.test.mock.mockito.MockitoTestExecutionListener, org.springframework.boot.test.mock.mockito.ResetMocksTestExecutionListener, org.springframework.boot.test.autoconfigure.restdocs.RestDocsTestExecutionListener, org.springframework.boot.test.autoconfigure.web.client.MockRestServiceServerResetTestExecutionListener, org.springframework.boot.test.autoconfigure.web.servlet.MockMvcPrintOnlyOnFailureTestExecutionListener, org.springframework.boot.test.autoconfigure.web.servlet.WebDriverTestExecutionListener, org.springframework.boot.test.autoconfigure.webservices.client.MockWebServiceServerTestExecutionListener, org.springframework.test.context.web.ServletTestExecutionListener, org.springframework.test.context.support.DirtiesContextBeforeModesTestExecutionListener, org.springframework.test.context.event.ApplicationEventsTestExecutionListener, org.springframework.test.context.support.DependencyInjectionTestExecutionListener, org.springframework.test.context.support.DirtiesContextTestExecutionListener, org.springframework.test.context.transaction.TransactionalTestExecutionListener, org.springframework.test.context.jdbc.SqlScriptsTestExecutionListener, org.springframework.test.context.event.EventPublishingTestExecutionListener]
10:55:58.039 [main] INFO org.springframework.boot.test.context.SpringBootTestContextBootstrapper - Using TestExecutionListeners: [org.springframework.test.context.web.ServletTestExecutionListener@6aa61224, org.springframework.test.context.support.DirtiesContextBeforeModesTestExecutionListener@30bce90b, org.springframework.test.context.event.ApplicationEventsTestExecutionListener@3e6f3f28, org.springframework.boot.test.mock.mockito.MockitoTestExecutionListener@7e19ebf0, org.springframework.boot.test.autoconfigure.SpringBootDependencyInjectionTestExecutionListener@2474f125, org.springframework.test.context.support.DirtiesContextTestExecutionListener@7357a011, org.springframework.test.context.transaction.TransactionalTestExecutionListener@3406472c, org.springframework.test.context.jdbc.SqlScriptsTestExecutionListener@5717c37, org.springframework.test.context.event.EventPublishingTestExecutionListener@68f4865, org.springframework.boot.test.mock.mockito.ResetMocksTestExecutionListener@4816278d, org.springframework.boot.test.autoconfigure.restdocs.RestDocsTestExecutionListener@4eaf3684, org.springframework.boot.test.autoconfigure.web.client.MockRestServiceServerResetTestExecutionListener@40317ba2, org.springframework.boot.test.autoconfigure.web.servlet.MockMvcPrintOnlyOnFailureTestExecutionListener@3c01cfa1, org.springframework.boot.test.autoconfigure.web.servlet.WebDriverTestExecutionListener@45d2ade3, org.springframework.boot.test.autoconfigure.webservices.client.MockWebServiceServerTestExecutionListener@727eb8cb]
10:55:58.049 [main] DEBUG org.springframework.test.context.support.AbstractDirtiesContextTestExecutionListener - Before test class: context [DefaultTestContext@5082d622 testClass = VehicleControllerIT, testInstance = [null], testMethod = [null], testException = [null], mergedContextConfiguration = [WebMergedContextConfiguration@13d4992d testClass = VehicleControllerIT, locations = '{}', classes = '{class main.SpringBootApp}', contextInitializerClasses = '[]', activeProfiles = '{}', propertySourceLocations = '{}', propertySourceProperties = '{org.springframework.boot.test.context.SpringBootTestContextBootstrapper=true, server.port=0}', contextCustomizers = set[org.springframework.boot.test.context.filter.ExcludeFilterContextCustomizer@48974e45, org.springframework.boot.test.json.DuplicateJsonObjectContextCustomizerFactory$DuplicateJsonObjectContextCustomizer@6d3a388c, org.springframework.boot.test.mock.mockito.MockitoContextCustomizer@0, org.springframework.boot.test.web.client.TestRestTemplateContextCustomizer@2b48a640, org.springframework.boot.test.autoconfigure.actuate.metrics.MetricsExportContextCustomizerFactory$DisableMetricExportContextCustomizer@49c7b90e, org.springframework.boot.test.autoconfigure.properties.PropertyMappingContextCustomizer@0, org.springframework.boot.test.autoconfigure.web.servlet.WebDriverContextCustomizerFactory$Customizer@53fdffa1, org.springframework.boot.test.context.SpringBootTestArgs@1, org.springframework.boot.test.context.SpringBootTestWebEnvironment@46daef40], resourceBasePath = 'src/main/webapp', contextLoader = 'org.springframework.boot.test.context.SpringBootContextLoader', parent = [null]], attributes = map['org.springframework.test.context.web.ServletTestExecutionListener.activateListener' -> false]], class annotated with @DirtiesContext [false] with mode [null].
10:55:58.077 [main] DEBUG org.springframework.test.context.support.DependencyInjectionTestExecutionListener - Performing dependency injection for test context [[DefaultTestContext@5082d622 testClass = VehicleControllerIT, testInstance = test.VehicleControllerIT@341814d3, testMethod = [null], testException = [null], mergedContextConfiguration = [WebMergedContextConfiguration@13d4992d testClass = VehicleControllerIT, locations = '{}', classes = '{class main.SpringBootApp}', contextInitializerClasses = '[]', activeProfiles = '{}', propertySourceLocations = '{}', propertySourceProperties = '{org.springframework.boot.test.context.SpringBootTestContextBootstrapper=true, server.port=0}', contextCustomizers = set[org.springframework.boot.test.context.filter.ExcludeFilterContextCustomizer@48974e45, org.springframework.boot.test.json.DuplicateJsonObjectContextCustomizerFactory$DuplicateJsonObjectContextCustomizer@6d3a388c, org.springframework.boot.test.mock.mockito.MockitoContextCustomizer@0, org.springframework.boot.test.web.client.TestRestTemplateContextCustomizer@2b48a640, org.springframework.boot.test.autoconfigure.actuate.metrics.MetricsExportContextCustomizerFactory$DisableMetricExportContextCustomizer@49c7b90e, org.springframework.boot.test.autoconfigure.properties.PropertyMappingContextCustomizer@0, org.springframework.boot.test.autoconfigure.web.servlet.WebDriverContextCustomizerFactory$Customizer@53fdffa1, org.springframework.boot.test.context.SpringBootTestArgs@1, org.springframework.boot.test.context.SpringBootTestWebEnvironment@46daef40], resourceBasePath = 'src/main/webapp', contextLoader = 'org.springframework.boot.test.context.SpringBootContextLoader', parent = [null]], attributes = map['org.springframework.test.context.web.ServletTestExecutionListener.activateListener' -> false, 'org.springframework.test.context.event.ApplicationEventsTestExecutionListener.recordApplicationEvents' -> false]]].

  .   ____          _            __ _ _
 /\\ / ___'_ __ _ _(_)_ __  __ _ \ \ \ \
( ( )\___ | '_ | '_| | '_ \/ _` | \ \ \ \
 \\/  ___)| |_)| | | | | || (_| |  ) ) ) )
  '  |____| .__|_| |_|_| |_\__, | / / / /
 =========|_|==============|___/=/_/_/_/
 :: Spring Boot ::               (v2.7.12)

2025-12-16 10:55:58.906  INFO 34200 --- [           main] test.VehicleControllerIT                 : Starting VehicleControllerIT using Java 25.0.1 on IRS-DAS-LW-0355 with PID 34200 (started by ERS1399 in C:\Users\ERS1399\Downloads\Full-Stack-Dev\JavaLearningProject)
2025-12-16 10:55:58.909  INFO 34200 --- [           main] test.VehicleControllerIT                 : No active profile set, falling back to 1 default profile: "default"
2025-12-16 10:56:00.351  INFO 34200 --- [           main] .s.d.r.c.RepositoryConfigurationDelegate : Bootstrapping Spring Data JPA repositories in DEFAULT mode.
2025-12-16 10:56:00.549  INFO 34200 --- [           main] .s.d.r.c.RepositoryConfigurationDelegate : Finished Spring Data repository scanning in 176 ms. Found 1 JPA repository interfaces.
2025-12-16 10:56:02.239  INFO 34200 --- [           main] o.s.b.w.embedded.tomcat.TomcatWebServer  : Tomcat initialized with port(s): 0 (http)
2025-12-16 10:56:02.253  INFO 34200 --- [           main] o.apache.catalina.core.StandardService   : Starting service [Tomcat]
2025-12-16 10:56:02.254  INFO 34200 --- [           main] org.apache.catalina.core.StandardEngine  : Starting Servlet engine: [Apache Tomcat/9.0.75]
2025-12-16 10:56:02.545  INFO 34200 --- [           main] o.a.c.c.C.[Tomcat].[localhost].[/]       : Initializing Spring embedded WebApplicationContext
2025-12-16 10:56:02.545  INFO 34200 --- [           main] w.s.c.ServletWebServerApplicationContext : Root WebApplicationContext: initialization completed in 3590 ms
2025-12-16 10:56:03.056  INFO 34200 --- [           main] o.f.c.internal.license.VersionPrinter    : Flyway Community Edition 9.16.3 by Redgate
2025-12-16 10:56:03.057  INFO 34200 --- [           main] o.f.c.internal.license.VersionPrinter    : See release notes here: https://rd.gt/416ObMi
2025-12-16 10:56:03.058  INFO 34200 --- [           main] o.f.c.internal.license.VersionPrinter    : 
2025-12-16 10:56:03.078  INFO 34200 --- [           main] com.zaxxer.hikari.HikariDataSource       : HikariPool-1 - Starting...
2025-12-16 10:56:03.495  INFO 34200 --- [           main] com.zaxxer.hikari.HikariDataSource       : HikariPool-1 - Start completed.
2025-12-16 10:56:03.524  INFO 34200 --- [           main] o.f.c.i.database.base.BaseDatabaseType   : Database: jdbc:h2:mem:vehicledb (H2 2.1)
2025-12-16 10:56:03.625  INFO 34200 --- [           main] o.f.c.i.s.JdbcTableSchemaHistory         : Schema history table "PUBLIC"."flyway_schema_history" does not exist yet
2025-12-16 10:56:03.629  INFO 34200 --- [           main] o.f.core.internal.command.DbValidate     : Successfully validated 1 migration (execution time 00:00.025s)
2025-12-16 10:56:03.639  INFO 34200 --- [           main] o.f.c.i.s.JdbcTableSchemaHistory         : Creating Schema History table "PUBLIC"."flyway_schema_history" ...
2025-12-16 10:56:03.672  INFO 34200 --- [           main] o.f.core.internal.command.DbMigrate      : Current version of schema "PUBLIC": << Empty Schema >>
2025-12-16 10:56:03.678  INFO 34200 --- [           main] o.f.core.internal.command.DbMigrate      : Migrating schema "PUBLIC" to version "1 - create vehicle table"
2025-12-16 10:56:03.691  INFO 34200 --- [           main] o.f.core.internal.command.DbMigrate      : Successfully applied 1 migration to schema "PUBLIC", now at version v1 (execution time 00:00.023s)
2025-12-16 10:56:03.918  INFO 34200 --- [           main] o.hibernate.jpa.internal.util.LogHelper  : HHH000204: Processing PersistenceUnitInfo [name: default]
2025-12-16 10:56:04.015  INFO 34200 --- [           main] org.hibernate.Version                    : HHH000412: Hibernate ORM core version 5.6.15.Final
2025-12-16 10:56:04.312  INFO 34200 --- [           main] o.hibernate.annotations.common.Version   : HCANN000001: Hibernate Commons Annotations {5.1.2.Final}
2025-12-16 10:56:04.522  INFO 34200 --- [           main] org.hibernate.dialect.Dialect            : HHH000400: Using dialect: org.hibernate.dialect.H2Dialect
2025-12-16 10:56:05.414  INFO 34200 --- [           main] o.h.e.t.j.p.i.JtaPlatformInitiator       : HHH000490: Using JtaPlatform implementation: [org.hibernate.engine.transaction.jta.platform.internal.NoJtaPlatform]
2025-12-16 10:56:05.431  INFO 34200 --- [           main] j.LocalContainerEntityManagerFactoryBean : Initialized JPA EntityManagerFactory for persistence unit 'default'
2025-12-16 10:56:05.956  WARN 34200 --- [           main] JpaBaseConfiguration$JpaWebConfiguration : spring.jpa.open-in-view is enabled by default. Therefore, database queries may be performed during view rendering. Explicitly configure spring.jpa.open-in-view to disable this warning
2025-12-16 10:56:06.830  INFO 34200 --- [           main] o.s.b.w.embedded.tomcat.TomcatWebServer  : Tomcat started on port(s): 55557 (http) with context path ''
2025-12-16 10:56:06.846  INFO 34200 --- [           main] test.VehicleControllerIT                 : Started VehicleControllerIT in 8.705 seconds (JVM running for 10.569)
Spring Boot context initialized.
Next: implement controllers and wire repositories (see TODO list).
2025-12-16 10:56:07.162  INFO 34200 --- [o-auto-1-exec-1] o.a.c.c.C.[Tomcat].[localhost].[/]       : Initializing Spring DispatcherServlet 'dispatcherServlet'
2025-12-16 10:56:07.162  INFO 34200 --- [o-auto-1-exec-1] o.s.web.servlet.DispatcherServlet        : Initializing Servlet 'dispatcherServlet'
2025-12-16 10:56:07.164  INFO 34200 --- [o-auto-1-exec-1] o.s.web.servlet.DispatcherServlet        : Completed initialization in 2 ms
2025-12-16 10:56:07.287 DEBUG 34200 --- [o-auto-1-exec-1] org.hibernate.SQL                        : insert into vehicles (brand, model, manufacture_year, fuel_type, num_doors, vehicle_type, id) values (?, ?, ?, ?, ?, 'CAR', ?)
Hibernate: insert into vehicles (brand, model, manufacture_year, fuel_type, num_doors, vehicle_type, id) values (?, ?, ?, ?, ?, 'CAR', ?)
2025-12-16 10:56:07.430 DEBUG 34200 --- [o-auto-1-exec-3] org.hibernate.SQL                        : select vehicle0_.id as id2_0_0_, vehicle0_.brand as brand3_0_0_, vehicle0_.model as model4_0_0_, vehicle0_.manufacture_year as manufact5_0_0_, vehicle0_.has_sidecar as has_side6_0_0_, vehicle0_.bike_type as bike_typ7_0_0_, vehicle0_.fuel_type as fuel_typ8_0_0_, vehicle0_.num_doors as num_door9_0_0_, vehicle0_.category as categor10_0_0_, vehicle0_.engine_cc as engine_11_0_0_, vehicle0_.has_trailer as has_tra12_0_0_, vehicle0_.payload_capacity_kg as payload13_0_0_, vehicle0_.vehicle_type as vehicle_1_0_0_ from vehicles vehicle0_ where vehicle0_.id=?
Hibernate: select vehicle0_.id as id2_0_0_, vehicle0_.brand as brand3_0_0_, vehicle0_.model as model4_0_0_, vehicle0_.manufacture_year as manufact5_0_0_, vehicle0_.has_sidecar as has_side6_0_0_, vehicle0_.bike_type as bike_typ7_0_0_, vehicle0_.fuel_type as fuel_typ8_0_0_, vehicle0_.num_doors as num_door9_0_0_, vehicle0_.category as categor10_0_0_, vehicle0_.engine_cc as engine_11_0_0_, vehicle0_.has_trailer as has_tra12_0_0_, vehicle0_.payload_capacity_kg as payload13_0_0_, vehicle0_.vehicle_type as vehicle_1_0_0_ from vehicles vehicle0_ where vehicle0_.id=?
]]></system-out>
  </testcase>
</testsuite>