<?xml version="1.0" encoding="UTF-8"?>
<testsuite xmlns:xsi="http://www.w3.org/2001/XMLSchema-instance" xsi:noNamespaceSchemaLocation="https://maven.apache.org/surefire/maven-surefire-plugin/xsd/surefire-test-report-3.0.xsd" version="3.0" name="test.VehicleRepositoryJpaTest" time="3.168" tests="1" errors="0" skipped="0" failures="0">
  <properties>
[...]
</properties>
  <testcase name="basicAddFetch" classname="test.VehicleRepositoryJpaTest" time="3.165">
    <system-out><![CDATA[Hibernate: insert into vehicles (brand, model, manufacture_year, fuel_type, num_doors, vehicle_type, id) values (?, ?, ?, ?, ?, 'CAR', ?)
Hibernate: select vehicle0_.id as id2_0_0_, vehicle0_.brand as brand3_0_0_, vehicle0_.model as model4_0_0_, vehicle0_.manufacture_year as manufact5_0_0_, vehicle0_.fuel_type as fuel_typ6_0_0_, vehicle0_.num_doors as num_door7_0_0_, vehicle0_.has_sidecar as has_side8_0_0_, vehicle0_.bike_type as bike_typ9_0_0_, vehicle0_.has_trailer as has_tra10_0_0_, vehicle0_.payload_capacity_kg as payload11_0_0_, vehicle0_.category as categor12_0_0_, vehicle0_.engine_cc as engine_13_0_0_, vehicle0_.vehicle_type as vehicle_1_0_0_ from vehicles vehicle0_ where vehicle0_.id=?
]]></system-out>
    <system-err><![CDATA[Dec 15, 2025 2:14:33 PM org.flywaydb.core.internal.license.VersionPrinter printVersionOnly
INFO: Flyway Community Edition 9.16.3 by Redgate
Dec 15, 2025 2:14:33 PM org.flywaydb.core.internal.license.VersionPrinter printVersion
INFO: See release notes here: https://rd.gt/416ObMi
Dec 15, 2025 2:14:33 PM org.flywaydb.core.internal.license.VersionPrinter printVersion
INFO: 
Dec 15, 2025 2:14:34 PM org.flywaydb.core.internal.database.base.BaseDatabaseType createDatabase
INFO: Database: jdbc:h2:mem:testdb2 (H2 2.1)
Dec 15, 2025 2:14:34 PM org.flywaydb.core.internal.schemahistory.JdbcTableSchemaHistory allAppliedMigrations
INFO: Schema history table "PUBLIC"."flyway_schema_history" does not exist yet
Dec 15, 2025 2:14:34 PM org.flywaydb.core.internal.command.DbValidate validate
INFO: Successfully validated 1 migration (execution time 00:00.028s)
Dec 15, 2025 2:14:34 PM org.flywaydb.core.internal.schemahistory.JdbcTableSchemaHistory create
INFO: Creating Schema History table "PUBLIC"."flyway_schema_history" ...
Dec 15, 2025 2:14:34 PM org.flywaydb.core.internal.command.DbMigrate migrateGroup
INFO: Current version of schema "PUBLIC": << Empty Schema >>
Dec 15, 2025 2:14:34 PM org.flywaydb.core.internal.command.DbMigrate doMigrateGroup
INFO: Migrating schema "PUBLIC" to version "1 - create vehicle table"
Dec 15, 2025 2:14:34 PM org.flywaydb.core.internal.command.DbMigrate logSummary
INFO: Successfully applied 1 migration to schema "PUBLIC", now at version v1 (execution time 00:00.048s)
Dec 15, 2025 2:14:34 PM org.hibernate.jpa.internal.util.LogHelper logPersistenceUnitInformation
INFO: HHH000204: Processing PersistenceUnitInfo [name: vehiclesPU]
Dec 15, 2025 2:14:34 PM org.hibernate.Version logVersion
INFO: HHH000412: Hibernate ORM core version 5.4.32.Final
Dec 15, 2025 2:14:35 PM org.hibernate.annotations.common.reflection.java.JavaReflectionManager <clinit>
INFO: HCANN000001: Hibernate Commons Annotations {5.1.2.Final}
Dec 15, 2025 2:14:35 PM org.hibernate.engine.jdbc.connections.internal.DriverManagerConnectionProviderImpl configure
WARN: HHH10001002: Using Hibernate built-in connection pool (not for production use!)
Dec 15, 2025 2:14:35 PM org.hibernate.engine.jdbc.connections.internal.DriverManagerConnectionProviderImpl buildCreator
INFO: HHH10001005: using driver [org.h2.Driver] at URL [jdbc:h2:mem:testdb2;DB_CLOSE_DELAY=-1]
Dec 15, 2025 2:14:35 PM org.hibernate.engine.jdbc.connections.internal.DriverManagerConnectionProviderImpl buildCreator
INFO: HHH10001001: Connection properties: {user=sa, password=****}
Dec 15, 2025 2:14:35 PM org.hibernate.engine.jdbc.connections.internal.DriverManagerConnectionProviderImpl buildCreator
INFO: HHH10001003: Autocommit mode: false
Dec 15, 2025 2:14:35 PM org.hibernate.engine.jdbc.connections.internal.DriverManagerConnectionProviderImpl$PooledConnections <init>
INFO: HHH000115: Hibernate connection pool size: 20 (min=1)
Dec 15, 2025 2:14:35 PM org.hibernate.dialect.Dialect <init>
INFO: HHH000400: Using dialect: org.hibernate.dialect.H2Dialect
Dec 15, 2025 2:14:36 PM org.hibernate.engine.transaction.jta.platform.internal.JtaPlatformInitiator initiateService
INFO: HHH000490: Using JtaPlatform implementation: [org.hibernate.engine.transaction.jta.platform.internal.NoJtaPlatform]
Dec 15, 2025 2:14:36 PM org.hibernate.engine.jdbc.connections.internal.DriverManagerConnectionProviderImpl$PoolState stop
INFO: HHH10001008: Cleaning up connection pool [jdbc:h2:mem:testdb2;DB_CLOSE_DELAY=-1]
]]></system-err>
  </testcase>
</testsuite>